build/app/outputs/mapping/release/usage.txt
androidx.fragment.app.FragmentTabHost$TabInfo
androidx.core.app.NotificationCompatSideChannelService
androidx.core.view.DragStartHelper$OnDragStartListener
androidx.core.view.NestedScrollingChild
kotlin.collections.AbstractCollection$toString$1
androidx.activity.ComponentActivity$1
androidx.core.view.ViewCompat$AccessibilityPaneVisibilityManager
kotlin.sequences.DropWhileSequence$iterator$1
kotlin.UIntKt
androidx.loader.content.ModernAsyncTask$InternalHandler
androidx.core.view.animation.PathInterpolatorCompat
androidx.lifecycle.CompositeGeneratedAdaptersObserver:
    void <init>(androidx.lifecycle.GeneratedAdapter[])
kotlin.jvm.internal.MutableLocalVariableReference
androidx.core.hardware.fingerprint.FingerprintManagerCompat$AuthenticationCallback
androidx.core.view.accessibility.AccessibilityViewCommand$MoveWindowArguments
androidx.core.app.ActivityCompat$SharedElementCallback21Impl
kotlin.collections.ArraysKt___ArraysKt$withIndex$4
androidx.lifecycle.Lifecycle:
    public abstract void addObserver(androidx.lifecycle.LifecycleObserver)
kotlin.jvm.functions.Function16
androidx.savedstate.SavedStateRegistryController
kotlin.Lazy
kotlin.sequences.SequencesKt__SequencesKt
io.flutter.embedding.engine.plugins.service.ServiceAware$OnModeChangeListener
androidx.versionedparcelable.VersionedParcelParcel:
    public void writeByteArray(byte[],int,int)
    public void writeLong(long)
    public void writeFloat(float)
    public void writeDouble(double)
    public void writeStrongBinder(android.os.IBinder)
    public void writeStrongInterface(android.os.IInterface)
    public void writeBundle(android.os.Bundle)
    public long readLong()
    public float readFloat()
    public double readDouble()
    public android.os.IBinder readStrongBinder()
    public android.os.Bundle readBundle()
    private static final boolean DEBUG
    private static final java.lang.String TAG
androidx.customview.widget.ViewDragHelper$2
androidx.core.widget.PopupMenuCompat
kotlin.reflect.KTypeProjection$Companion
androidx.lifecycle.R
io.flutter.embedding.android.AndroidKeyProcessor:
    private static final java.lang.String TAG
androidx.core.app.RemoteInput$Builder
androidx.fragment.app.DialogFragment$1
kotlin.collections.AbstractMap$toString$1
io.flutter.plugin.common.BinaryMessenger:
    public abstract void send(java.lang.String,java.nio.ByteBuffer)
kotlin.sequences.IndexingSequence
kotlin.collections.CharIterator
kotlin.collections.unsigned.UArraysKt___UArraysKt$withIndex$4
androidx.collection.ArrayMap:
    public void <init>(int)
    public void <init>(androidx.collection.SimpleArrayMap)
    public boolean containsAll(java.util.Collection)
    public boolean removeAll(java.util.Collection)
    public boolean retainAll(java.util.Collection)
kotlin.sequences.SequenceBuilderIterator
io.flutter.embedding.android.FlutterFragment
androidx.fragment.app.FragmentTransition$3
io.flutter.embedding.engine.plugins.PluginRegistry
androidx.savedstate.SavedStateRegistry$SavedStateProvider
kotlin.text.CharCategory$Companion
kotlin.coroutines.intrinsics.IntrinsicsKt__IntrinsicsJvmKt$createCoroutineFromSuspendFunction$1
androidx.loader.app.LoaderManager$LoaderCallbacks
androidx.core.content.IntentCompat
androidx.annotation.InspectableProperty$EnumEntry
kotlin.sequences.GeneratorSequence$iterator$1
kotlin.sequences.SequencesKt___SequencesKt$minus$4
kotlin.coroutines.experimental.EmptyCoroutineContext
androidx.fragment.app.FragmentController
kotlin.collections.AbstractMap$Companion
androidx.fragment.R$style
androidx.core.database.CursorWindowCompat
androidx.fragment.app.FragmentStatePagerAdapter
androidx.annotation.InspectableProperty$FlagEntry
io.flutter.embedding.android.FlutterActivity$NewEngineIntentBuilder
kotlin.jvm.internal.unsafe.MonitorKt
kotlin.collections.AbstractMutableMap
kotlin.ranges.ClosedFloatingPointRange$DefaultImpls
kotlin.collections.ArraysKt___ArraysKt$asIterable$$inlined$Iterable$7
com.example.caffe.R$integer
kotlin.reflect.KClassifier